[    0.000000] Initializing cgroup subsys cpuset
[    0.000000] Initializing cgroup subsys cpu
[    0.000000] Initializing cgroup subsys cpuacct
[    0.000000] Linux version 4.4.0-210-generic (buildd@lgw01-amd64-009) (gcc version 5.4.0 20160609 (Ubuntu 5.4.0-6ubuntu1~16.04.12) ) #242-Ubuntu SMP Fri Apr 16 09:57:56 UTC 2021 (Ubuntu 4.4.0-210.242-generic 4.4.262)
[    0.000000] Command line: BOOT_IMAGE=/boot/vmlinuz-4.4.0-210-generic root=LABEL=cloudimg-rootfs ro console=tty1 console=ttyS0
[    0.000000] KERNEL supported cpus:
[    0.000000]   Intel GenuineIntel
[    0.000000]   AMD AuthenticAMD
[    0.000000]   Centaur CentaurHauls
[    0.000000] x86/fpu: xstate_offset[2]:  576, xstate_sizes[2]:  256
[    0.000000] x86/fpu: Supporting XSAVE feature 0x01: 'x87 floating point registers'
[    0.000000] x86/fpu: Supporting XSAVE feature 0x02: 'SSE registers'
[    0.000000] x86/fpu: Supporting XSAVE feature 0x04: 'AVX registers'
[    0.000000] x86/fpu: Enabled xstate features 0x7, context size is 832 bytes, using 'standard' format.
[    0.000000] e820: BIOS-provided physical RAM map:
[    0.000000] BIOS-e820: [mem 0x0000000000000000-0x000000000009fbff] usable
[    0.000000] BIOS-e820: [mem 0x000000000009fc00-0x000000000009ffff] reserved
[    0.000000] BIOS-e820: [mem 0x00000000000f0000-0x00000000000fffff] reserved
[    0.000000] BIOS-e820: [mem 0x0000000000100000-0x000000003ffeffff] usable
[    0.000000] BIOS-e820: [mem 0x000000003fff0000-0x000000003fffffff] ACPI data
[    0.000000] BIOS-e820: [mem 0x00000000fec00000-0x00000000fec00fff] reserved
[    0.000000] BIOS-e820: [mem 0x00000000fee00000-0x00000000fee00fff] reserved
[    0.000000] BIOS-e820: [mem 0x00000000fffc0000-0x00000000ffffffff] reserved
[    0.000000] NX (Execute Disable) protection: active
[    0.000000] SMBIOS 2.5 present.
[    0.000000] Hypervisor detected: KVM
[    0.000000] Kernel/User page tables isolation: disabled
[    0.000000] e820: last_pfn = 0x3fff0 max_arch_pfn = 0x400000000
[    0.000000] MTRR: Disabled
[    0.000000] x86/PAT: MTRRs disabled, skipping PAT initialization too.
[    0.000000] CPU MTRRs all blank - virtualized system.
[    0.000000] x86/PAT: Configuration [0-7]: WB  WT  UC- UC  WB  WT  UC- UC  
[    0.000000] found SMP MP-table at [mem 0x0009fff0-0x0009ffff] mapped at [ffff88000009fff0]
[    0.000000] Scanning 1 areas for low memory corruption
[    0.000000] RAMDISK: [mem 0x362dc000-0x37165fff]
[    0.000000] ACPI: Early table checksum verification disabled
[    0.000000] ACPI: RSDP 0x00000000000E0000 000024 (v02 VBOX  )
[    0.000000] ACPI: XSDT 0x000000003FFF0030 00003C (v01 VBOX   VBOXXSDT 00000001 ASL  00000061)
[    0.000000] ACPI: FACP 0x000000003FFF00F0 0000F4 (v04 VBOX   VBOXFACP 00000001 ASL  00000061)
[    0.000000] ACPI: DSDT 0x000000003FFF0470 002325 (v02 VBOX   VBOXBIOS 00000002 INTL 20100528)
[    0.000000] ACPI: FACS 0x000000003FFF0200 000040
[    0.000000] ACPI: FACS 0x000000003FFF0200 000040
[    0.000000] ACPI: APIC 0x000000003FFF0240 00005C (v02 VBOX   VBOXAPIC 00000001 ASL  00000061)
[    0.000000] ACPI: SSDT 0x000000003FFF02A0 0001CC (v01 VBOX   VBOXCPUT 00000002 INTL 20100528)
[    0.000000] No NUMA configuration found
[    0.000000] Faking a node at [mem 0x0000000000000000-0x000000003ffeffff]
[    0.000000] NODE_DATA(0) allocated [mem 0x3ffeb000-0x3ffeffff]
[    0.000000] kvm-clock: Using msrs 4b564d01 and 4b564d00
[    0.000000] kvm-clock: cpu 0, msr 0:3ffe3001, primary cpu clock
[    0.000000] kvm-clock: using sched offset of 4860330402 cycles
[    0.000000] clocksource: kvm-clock: mask: 0xffffffffffffffff max_cycles: 0x1cd42e4dffb, max_idle_ns: 881590591483 ns
[    0.000000] Zone ranges:
[    0.000000]   DMA      [mem 0x0000000000001000-0x0000000000ffffff]
[    0.000000]   DMA32    [mem 0x0000000001000000-0x000000003ffeffff]
[    0.000000]   Normal   empty
[    0.000000]   Device   empty
[    0.000000] Movable zone start for each node
[    0.000000] Early memory node ranges
[    0.000000]   node   0: [mem 0x0000000000001000-0x000000000009efff]
[    0.000000]   node   0: [mem 0x0000000000100000-0x000000003ffeffff]
[    0.000000] Initmem setup node 0 [mem 0x0000000000001000-0x000000003ffeffff]
[    0.000000] ACPI: PM-Timer IO Port: 0x4008
[    0.000000] IOAPIC[0]: apic_id 2, version 32, address 0xfec00000, GSI 0-23
[    0.000000] ACPI: INT_SRC_OVR (bus 0 bus_irq 0 global_irq 2 dfl dfl)
[    0.000000] ACPI: INT_SRC_OVR (bus 0 bus_irq 9 global_irq 9 low level)
[    0.000000] Using ACPI (MADT) for SMP configuration information
[    0.000000] smpboot: Allowing 2 CPUs, 0 hotplug CPUs
[    0.000000] PM: Registered nosave memory: [mem 0x00000000-0x00000fff]
[    0.000000] PM: Registered nosave memory: [mem 0x0009f000-0x0009ffff]
[    0.000000] PM: Registered nosave memory: [mem 0x000a0000-0x000effff]
[    0.000000] PM: Registered nosave memory: [mem 0x000f0000-0x000fffff]
[    0.000000] e820: [mem 0x40000000-0xfebfffff] available for PCI devices
[    0.000000] Booting paravirtualized kernel on KVM
[    0.000000] clocksource: refined-jiffies: mask: 0xffffffff max_cycles: 0xffffffff, max_idle_ns: 7645519600211568 ns
[    0.000000] setup_percpu: NR_CPUS:512 nr_cpumask_bits:512 nr_cpu_ids:2 nr_node_ids:1
[    0.000000] PERCPU: Embedded 33 pages/cpu @ffff88003fc00000 s95192 r8192 d31784 u1048576
[    0.000000] Built 1 zonelists in Node order, mobility grouping on.  Total pages: 257912
[    0.000000] Policy zone: DMA32
[    0.000000] Kernel command line: BOOT_IMAGE=/boot/vmlinuz-4.4.0-210-generic root=LABEL=cloudimg-rootfs ro console=tty1 console=ttyS0
[    0.000000] PID hash table entries: 4096 (order: 3, 32768 bytes)
[    0.000000] Memory: 997792K/1048120K available (8644K kernel code, 1332K rwdata, 4044K rodata, 1492K init, 1164K bss, 50328K reserved, 0K cma-reserved)
[    0.000000] SLUB: HWalign=64, Order=0-3, MinObjects=0, CPUs=2, Nodes=1
[    0.000000] Hierarchical RCU implementation.
[    0.000000] 	Build-time adjustment of leaf fanout to 64.
[    0.000000] 	RCU restricting CPUs from NR_CPUS=512 to nr_cpu_ids=2.
[    0.000000] RCU: Adjusting geometry for rcu_fanout_leaf=64, nr_cpu_ids=2
[    0.000000] NR_IRQS:33024 nr_irqs:440 16
[    0.000000] Console: colour VGA+ 80x25
[    0.000000] console [tty1] enabled
[    0.000000] console [ttyS0] enabled
[    0.000000] tsc: Detected 2496.004 MHz processor
[    0.485862] Calibrating delay loop (skipped) preset value.. 4992.00 BogoMIPS (lpj=9984016)
[    0.491053] pid_max: default: 32768 minimum: 301
[    0.494462] ACPI: Core revision 20150930
[    0.499558] ACPI: 2 ACPI AML tables successfully acquired and loaded
[    0.503453] Security Framework initialized
[    0.506612] Yama: becoming mindful.
[    0.509440] AppArmor: AppArmor initialized
[    0.512014] Dentry cache hash table entries: 131072 (order: 8, 1048576 bytes)
[    0.515282] Inode-cache hash table entries: 65536 (order: 7, 524288 bytes)
[    0.527826] Mount-cache hash table entries: 2048 (order: 2, 16384 bytes)
[    0.532353] Mountpoint-cache hash table entries: 2048 (order: 2, 16384 bytes)
[    0.536395] Initializing cgroup subsys io
[    0.538651] Initializing cgroup subsys memory
[    0.541175] Initializing cgroup subsys devices
[    0.543610] Initializing cgroup subsys freezer
[    0.546121] Initializing cgroup subsys net_cls
[    0.549057] Initializing cgroup subsys perf_event
[    0.551649] Initializing cgroup subsys net_prio
[    0.554427] Initializing cgroup subsys hugetlb
[    0.557081] Initializing cgroup subsys pids
[    0.565884] mce: CPU supports 0 MCE banks
[    0.568504] Last level iTLB entries: 4KB 0, 2MB 0, 4MB 0
[    0.571362] Last level dTLB entries: 4KB 0, 2MB 0, 4MB 0, 1GB 0
[    0.574320] Spectre V1 : Mitigation: usercopy/swapgs barriers and __user pointer sanitization
[    0.579654] Spectre V2 : Mitigation: Full generic retpoline
[    0.583140] Spectre V2 : Spectre v2 / SpectreRSB mitigation: Filling RSB on context switch
[    0.588763] Speculative Store Bypass: Vulnerable
[    0.600540] Freeing SMP alternatives memory: 36K
[    0.623111] ftrace: allocating 32380 entries in 127 pages
[    0.857957] smpboot: APIC(0) Converting physical 0 to logical package 0
[    0.863064] smpboot: Max logical packages: 1
[    0.867365] x2apic enabled
[    0.871013] Switched APIC routing to physical x2apic.
[    0.878902] ..TIMER: vector=0x30 apic1=0 pin1=2 apic2=-1 pin2=-1
[    0.990612] smpboot: CPU0: 11th Gen Intel(R) Core(TM) i7-11850H @ 2.50GHz (family: 0x6, model: 0x8d, stepping: 0x1)
[    0.997620] Performance Events: unsupported p6 CPU model 141 no PMU driver, software events only.
[    1.040959] KVM setup paravirtual spinlock
[    1.044573] x86: Booting SMP configuration:
[    1.047111] .... node  #0, CPUs:      #1
[    1.049856] kvm-clock: cpu 1, msr 0:3ffe3041, secondary cpu clock
[    1.057963] mce: CPU supports 0 MCE banks
[    1.061954] x86: Booted up 1 node, 2 CPUs
[    1.065320] smpboot: Total of 2 processors activated (9984.01 BogoMIPS)
[    1.069024] devtmpfs: initialized
[    1.071749] evm: security.selinux
[    1.072933] evm: security.SMACK64
[    1.074354] evm: security.SMACK64EXEC
[    1.077706] evm: security.SMACK64TRANSMUTE
[    1.079530] evm: security.SMACK64MMAP
[    1.082029] evm: security.ima
[    1.084471] evm: security.capability
[    1.087851] clocksource: jiffies: mask: 0xffffffff max_cycles: 0xffffffff, max_idle_ns: 7645041785100000 ns
[    1.093648] futex hash table entries: 512 (order: 3, 32768 bytes)
[    1.098616] pinctrl core: initialized pinctrl subsystem
[    1.103003] RTC time: 13:14:52, date: 01/27/22
[    1.119959] NET: Registered protocol family 16
[    1.133520] cpuidle: using governor ladder
[    1.147535] cpuidle: using governor menu
[    1.150510] PCCT header not found.
[    1.153505] ACPI: bus type PCI registered
[    1.156357] acpiphp: ACPI Hot Plug PCI Controller Driver version: 0.5
[    1.160612] PCI: Using configuration type 1 for base access
[    1.178026] ACPI: Added _OSI(Module Device)
[    1.181287] ACPI: Added _OSI(Processor Device)
[    1.184982] ACPI: Added _OSI(3.0 _SCP Extensions)
[    1.188427] ACPI: Added _OSI(Processor Aggregator Device)
[    1.194420] ACPI: Executed 1 blocks of module-level executable AML code
[    1.203608] ACPI: Interpreter enabled
[    1.205320] ACPI: (supports S0 S5)
[    1.206787] ACPI: Using IOAPIC for interrupt routing
[    1.208543] PCI: Using host bridge windows from ACPI; if necessary, use "pci=nocrs" and report a bug
[    1.216901] ACPI: PCI Root Bridge [PCI0] (domain 0000 [bus 00-ff])
[    1.218981] acpi PNP0A03:00: _OSC: OS supports [ASPM ClockPM Segments MSI]
[    1.221919] acpi PNP0A03:00: _OSC: not requesting OS control; OS requires [ExtendedConfig ASPM ClockPM MSI]
[    1.224104] acpi PNP0A03:00: fail to add MMCONFIG information, can't access extended PCI configuration space under this bridge.
[    1.227323] PCI host bridge to bus 0000:00
[    1.228866] pci_bus 0000:00: root bus resource [io  0x0000-0x0cf7 window]
[    1.230819] pci_bus 0000:00: root bus resource [io  0x0d00-0xffff window]
[    1.234303] pci_bus 0000:00: root bus resource [mem 0x000a0000-0x000bffff window]
[    1.238763] pci_bus 0000:00: root bus resource [mem 0x40000000-0xfdffffff window]
[    1.242990] pci_bus 0000:00: root bus resource [bus 00-ff]
[    1.250703] pci 0000:00:01.1: legacy IDE quirk: reg 0x10: [io  0x01f0-0x01f7]
[    1.254311] pci 0000:00:01.1: legacy IDE quirk: reg 0x14: [io  0x03f6]
[    1.257731] pci 0000:00:01.1: legacy IDE quirk: reg 0x18: [io  0x0170-0x0177]
[    1.261354] pci 0000:00:01.1: legacy IDE quirk: reg 0x1c: [io  0x0376]
[    1.300105] pci 0000:00:07.0: quirk: [io  0x4000-0x403f] claimed by PIIX4 ACPI
[    1.327885] pci 0000:00:07.0: quirk: [io  0x4100-0x410f] claimed by PIIX4 SMB
[    1.345062] ACPI: PCI Interrupt Link [LNKA] (IRQs 5 9 10 *11)
[    1.351937] ACPI: PCI Interrupt Link [LNKB] (IRQs 5 9 *10 11)
[    1.356771] ACPI: PCI Interrupt Link [LNKC] (IRQs 5 *9 10 11)
[    1.361705] ACPI: PCI Interrupt Link [LNKD] (IRQs 5 9 10 *11)
[    1.365584] ACPI: Enabled 2 GPEs in block 00 to 07
[    1.368353] vgaarb: setting as boot device: PCI:0000:00:02.0
[    1.370730] vgaarb: device added: PCI:0000:00:02.0,decodes=io+mem,owns=io+mem,locks=none
[    1.374590] vgaarb: loaded
[    1.376382] vgaarb: bridge control possible 0000:00:02.0
[    1.378931] SCSI subsystem initialized
[    1.380632] ACPI: bus type USB registered
[    1.382996] usbcore: registered new interface driver usbfs
[    1.385775] usbcore: registered new interface driver hub
[    1.388009] usbcore: registered new device driver usb
[    1.390417] PCI: Using ACPI for IRQ routing
[    1.393204] NetLabel: Initializing
[    1.395595] NetLabel:  domain hash size = 128
[    1.397789] NetLabel:  protocols = UNLABELED CIPSOv4
[    1.400185] NetLabel:  unlabeled traffic allowed by default
[    1.402291] amd_nb: Cannot enumerate AMD northbridges
[    1.404537] clocksource: Switched to clocksource kvm-clock
[    1.446021] AppArmor: AppArmor Filesystem Enabled
[    1.449555] pnp: PnP ACPI init
[    1.454013] pnp: PnP ACPI: found 3 devices
[    1.472870] clocksource: acpi_pm: mask: 0xffffff max_cycles: 0xffffff, max_idle_ns: 2085701024 ns
[    1.478496] NET: Registered protocol family 2
[    1.482019] TCP established hash table entries: 8192 (order: 4, 65536 bytes)
[    1.487026] TCP bind hash table entries: 8192 (order: 5, 131072 bytes)
[    1.491819] TCP: Hash tables configured (established 8192 bind 8192)
[    1.496076] UDP hash table entries: 512 (order: 2, 16384 bytes)
[    1.499606] UDP-Lite hash table entries: 512 (order: 2, 16384 bytes)
[    1.503021] NET: Registered protocol family 1
[    1.505851] pci 0000:00:00.0: Limiting direct PCI/PCI transfers
[    1.508667] pci 0000:00:01.0: Activating ISA DMA hang workarounds
[    1.522880] Unpacking initramfs...
[    2.428527] Freeing initrd memory: 14888K
[    2.430237] clocksource: tsc: mask: 0xffffffffffffffff max_cycles: 0x23fa7af7c80, max_idle_ns: 440795241955 ns
[    2.433744] platform rtc_cmos: registered platform RTC device (no PNP device found)
[    2.436806] Scanning for low memory corruption every 60 seconds
[    2.440026] audit: initializing netlink subsys (disabled)
[    2.444292] audit: type=2000 audit(1643289299.841:1): initialized
[    2.448693] Initialise system trusted keyring
[    2.452027] HugeTLB registered 2 MB page size, pre-allocated 0 pages
[    2.458388] zbud: loaded
[    2.462164] VFS: Disk quotas dquot_6.6.0
[    2.466468] VFS: Dquot-cache hash table entries: 512 (order 0, 4096 bytes)
[    2.471818] squashfs: version 4.0 (2009/01/31) Phillip Lougher
[    2.476976] fuse init (API version 7.23)
[    2.489995] Key type big_key registered
[    2.495039] Allocating IMA MOK and blacklist keyrings.
[    2.505676] Key type asymmetric registered
[    2.508974] Asymmetric key parser 'x509' registered
[    2.512228] Block layer SCSI generic (bsg) driver version 0.4 loaded (major 249)
[    2.516791] io scheduler noop registered
[    2.519267] io scheduler deadline registered (default)
[    2.522057] io scheduler cfq registered
[    2.524569] pci_hotplug: PCI Hot Plug PCI Core version: 0.5
[    2.527622] pciehp: PCI Express Hot Plug Controller Driver version: 0.4
[    2.533339] ACPI: AC Adapter [AC] (off-line)
[    2.535371] input: Power Button as /devices/LNXSYSTM:00/LNXPWRBN:00/input/input0
[    2.539032] ACPI: Power Button [PWRF]
[    2.541107] input: Sleep Button as /devices/LNXSYSTM:00/LNXSLPBN:00/input/input1
[    2.544732] ACPI: Sleep Button [SLPF]
[    2.547018] GHES: HEST is not enabled!
[    2.549967] ACPI: Battery Slot [BAT0] (battery present)
[    2.553542] Serial: 8250/16550 driver, 32 ports, IRQ sharing enabled
[    2.578955] 00:02: ttyS0 at I/O 0x3f8 (irq = 4, base_baud = 115200) is a 16550A
[    2.589156] Linux agpgart interface v0.103
[    2.597307] loop: module loaded
[    2.601818] scsi host0: ata_piix
[    2.605090] scsi host1: ata_piix
[    2.608051] ata1: PATA max UDMA/33 cmd 0x1f0 ctl 0x3f6 bmdma 0xd000 irq 14
[    2.612761] ata2: PATA max UDMA/33 cmd 0x170 ctl 0x376 bmdma 0xd008 irq 15
[    2.617440] libphy: Fixed MDIO Bus: probed
[    2.620490] tun: Universal TUN/TAP device driver, 1.6
[    2.624801] tun: (C) 1999-2004 Max Krasnyansky <maxk@qualcomm.com>
[    2.629581] PPP generic driver version 2.4.2
[    2.633118] ehci_hcd: USB 2.0 'Enhanced' Host Controller (EHCI) Driver
[    2.637443] ehci-pci: EHCI PCI platform driver
[    2.641168] ehci-platform: EHCI generic platform driver
[    2.645041] ohci_hcd: USB 1.1 'Open' Host Controller (OHCI) Driver
[    2.649616] ohci-pci: OHCI PCI platform driver
[    2.652306] ohci-platform: OHCI generic platform driver
[    2.655356] uhci_hcd: USB Universal Host Controller Interface driver
[    2.658926] i8042: PNP: PS/2 Controller [PNP0303:PS2K,PNP0f03:PS2M] at 0x60,0x64 irq 1,12
[    2.664738] serio: i8042 KBD port at 0x60,0x64 irq 1
[    2.667482] serio: i8042 AUX port at 0x60,0x64 irq 12
[    2.670721] mousedev: PS/2 mouse device common for all mice
[    2.674976] input: AT Translated Set 2 keyboard as /devices/platform/i8042/serio0/input/input2
[    2.681210] rtc_cmos rtc_cmos: rtc core: registered rtc_cmos as rtc0
[    2.684920] rtc_cmos rtc_cmos: alarms up to one day, 114 bytes nvram
[    2.688729] i2c /dev entries driver
[    2.691377] device-mapper: uevent: version 1.0.3
[    2.696407] device-mapper: ioctl: 4.34.0-ioctl (2015-10-28) initialised: dm-devel@redhat.com
[    2.701902] ledtrig-cpu: registered to indicate activity on CPUs
[    2.706499] NET: Registered protocol family 10
[    2.710749] NET: Registered protocol family 17
[    2.714255] Key type dns_resolver registered
[    2.718027] registered taskstats version 1
[    2.720421] Loading compiled-in X.509 certificates
[    2.725199] Loaded X.509 cert 'Build time autogenerated kernel key: cf00e047681d67edb2720680708b7d9498083038'
[    2.730786] zswap: loaded using pool lzo/zbud
[    2.737492] Key type trusted registered
[    2.747278] Key type encrypted registered
[    2.750537] AppArmor: AppArmor sha1 policy hashing enabled
[    2.754013] ima: No TPM chip found, activating TPM-bypass!
[    2.757603] ima: Allocated hash algorithm: sha1
[    2.760991] evm: HMAC attrs: 0x1
[    2.764652]   Magic number: 6:544:231
[    2.767768] rtc_cmos rtc_cmos: setting system clock to 2022-01-27 13:14:54 UTC (1643289294)
[    2.803944] BIOS EDD facility v0.16 2004-Jun-25, 0 devices found
[    2.807438] EDD information not available.
[    2.812820] Freeing unused kernel memory: 1492K
[    2.825116] Write protecting the kernel read-only data: 14336k
[    2.829487] Freeing unused kernel memory: 1584K
[    2.832715] Freeing unused kernel memory: 52K
Loading, please wait...
starting version 229
[    2.872397] random: systemd-udevd: uninitialized urandom read (16 bytes read, 5 bits of entropy available)
[    2.873882] random: udevadm: uninitialized urandom read (16 bytes read, 5 bits of entropy available)
[    2.873933] random: udevadm: uninitialized urandom read (16 bytes read, 5 bits of entropy available)
[    2.891149] random: systemd-udevd: uninitialized urandom read (16 bytes read, 5 bits of entropy available)
[    2.898456] random: systemd-udevd: uninitialized urandom read (16 bytes read, 5 bits of entropy available)
[    2.901512] random: udevadm: uninitialized urandom read (16 bytes read, 5 bits of entropy available)
[    2.901664] random: udevadm: uninitialized urandom read (16 bytes read, 5 bits of entropy available)
[    2.902142] random: udevadm: uninitialized urandom read (16 bytes read, 5 bits of entropy available)
[    2.902312] random: udevadm: uninitialized urandom read (16 bytes read, 5 bits of entropy available)
[    2.902470] random: udevadm: uninitialized urandom read (16 bytes read, 5 bits of entropy available)
[    3.047477] Fusion MPT base driver 3.04.20
[    3.052500] Copyright (c) 1999-2008 LSI Corporation
[    3.069881] e1000: Intel(R) PRO/1000 Network Driver - version 7.3.21-k8-NAPI
[    3.076549] e1000: Copyright (c) 1999-2006 Intel Corporation.
[    3.134589] AVX2 version of gcm_enc/dec engaged.
[    3.139306] AES CTR mode by8 optimization enabled
[    3.193596] Fusion MPT SPI Host driver 3.04.20
[    3.305531] input: ImExPS/2 Generic Explorer Mouse as /devices/platform/i8042/serio1/input/input4
[    4.150112] e1000 0000:00:03.0 eth0: (PCI:33MHz:32-bit) 02:be:82:6b:cc:1d
[    4.154533] e1000 0000:00:03.0 eth0: Intel(R) PRO/1000 Network Connection
[    4.161271] e1000 0000:00:03.0 enp0s3: renamed from eth0
[    4.167541] mptbase: ioc0: Initiating bringup
[    4.233460] ioc0: LSI53C1030 A0: Capabilities={Initiator}
[    4.402420] scsi host2: ioc0: LSI53C1030 A0, FwRev=00000000h, Ports=1, MaxQ=256, IRQ=20
[    4.522316] scsi 2:0:0:0: Direct-Access     VBOX     HARDDISK         1.0  PQ: 0 ANSI: 5
[    4.530814] scsi target2:0:0: Beginning Domain Validation
[    4.544418] scsi target2:0:0: Domain Validation skipping write tests
[    4.549164] scsi target2:0:0: Ending Domain Validation
[    4.552988] scsi target2:0:0: asynchronous
[    4.559065] scsi 2:0:1:0: Direct-Access     VBOX     HARDDISK         1.0  PQ: 0 ANSI: 5
[    4.565357] scsi target2:0:1: Beginning Domain Validation
[    4.576984] scsi target2:0:1: Domain Validation skipping write tests
[    4.581292] scsi target2:0:1: Ending Domain Validation
[    4.584889] scsi target2:0:1: asynchronous
[    4.611633] sd 2:0:0:0: [sda] 83886080 512-byte logical blocks: (42.9 GB/40.0 GiB)
[    4.646540] sd 2:0:0:0: Attached scsi generic sg0 type 0
[    4.651897] sd 2:0:1:0: [sdb] 20480 512-byte logical blocks: (10.5 MB/10.0 MiB)
[    4.657578] sd 2:0:1:0: Attached scsi generic sg1 type 0
[    4.662494] sd 2:0:1:0: [sdb] Write Protect is off
[    4.665584] sd 2:0:1:0: [sdb] Incomplete mode parameter data
[    4.669537] sd 2:0:1:0: [sdb] Assuming drive cache: write through
[    4.673113] sd 2:0:0:0: [sda] Write Protect is off
[    4.673563] sd 2:0:0:0: [sda] Incomplete mode parameter data
[    4.673569] sd 2:0:0:0: [sda] Assuming drive cache: write through
[    4.696942]  sda: sda1
[    4.701364] sd 2:0:0:0: [sda] Attached SCSI disk
[    4.705760] sd 2:0:1:0: [sdb] Attached SCSI disk
Begin: Loading essential drivers ... [    7.078876] md: linear personality registered for level -1
[    7.084448] md: multipath personality registered for level -4
[    7.093807] md: raid0 personality registered for level 0
[    7.106892] md: raid1 personality registered for level 1
[    7.192624] raid6: sse2x1   gen()  2565 MB/s
[    7.260667] raid6: sse2x1   xor()  1702 MB/s
[    7.328688] raid6: sse2x2   gen()  2869 MB/s
[    7.396649] raid6: sse2x2   xor()  2075 MB/s
[    7.468677] raid6: sse2x4   gen()  3172 MB/s
[    7.540687] raid6: sse2x4   xor()  1908 MB/s
[    7.612684] raid6: avx2x1   gen()  4544 MB/s
[    7.684705] raid6: avx2x2   gen()  5392 MB/s
[    7.756666] raid6: avx2x4   gen()  5764 MB/s
[    7.761812] raid6: using algorithm avx2x4 gen() 5764 MB/s
[    7.768324] raid6: using avx2x2 recovery algorithm
[    7.778783] xor: automatically using best checksumming function:
[    7.820662]    avx       :  5076.000 MB/sec
[    7.827305] async_tx: api initialized (async)
[    7.862650] md: raid6 personality registered for level 6
[    7.868545] md: raid5 personality registered for level 5
[    7.872710] md: raid4 personality registered for level 4
[    7.895855] md: raid10 personality registered for level 10
done.
Begin: Running /scripts/init-premount ... done.
Begin: Mounting root file system ... Begin: Running /scripts/local-top ... done.
Begin: Running /scripts/local-premount ... [    7.993437] Btrfs loaded
Scanning for Btrfs filesystems
done.
Warning: fsck not present, so skipping root file system
[    8.079062] EXT4-fs (sda1): mounted filesystem with ordered data mode. Opts: (null)
done.
Begin: Running /scripts/local-bottom ... done.
Begin: Running /scripts/init-bottom ... done.
[    8.297523] systemd[1]: systemd 229 running in system mode. (+PAM +AUDIT +SELINUX +IMA +APPARMOR +SMACK +SYSVINIT +UTMP +LIBCRYPTSETUP +GCRYPT +GNUTLS +ACL +XZ -LZ4 +SECCOMP +BLKID +ELFUTILS +KMOD -IDN)
[    8.310844] systemd[1]: Detected virtualization oracle.
[    8.313638] systemd[1]: Detected architecture x86-64.

Welcome to [1mUbuntu 16.04.7 LTS[0m!

[    8.319315] systemd[1]: Set hostname to <ubuntu>.
[    8.324197] systemd[1]: Initializing machine ID from random generator.
[    8.327585] systemd[1]: Installed transient /etc/machine-id file.
[    8.599379] systemd[1]: Started Forward Password Requests to Wall Directory Watch.
[[0;32m  OK  [0m] Started Forward Password Requests to Wall Directory Watch.
[    8.607940] systemd[1]: Listening on fsck to fsckd communication Socket.
[[0;32m  OK  [0m] Listening on fsck to fsckd communication Socket.
[    8.614743] systemd[1]: Reached target Encrypted Volumes.
[[0;32m  OK  [0m] Reached target Encrypted Volumes.
[    8.621242] systemd[1]: Set up automount Arbitrary Executable File Formats File System Automount Point.
[[0;32m  OK  [0m] Set up automount Arbitrary Executab...ats File System Automount Point.
[    8.630733] systemd[1]: Started Trigger resolvconf update for networkd DNS.
[[0;32m  OK  [0m] Started Trigger resolvconf update for networkd DNS.
[    8.645037] systemd[1]: Reached target System Time Synchronized.
[[0;32m  OK  [0m] Reached target System Time Synchronized.
[    8.653171] systemd[1]: Listening on udev Control Socket.
[[0;32m  OK  [0m] Listening on udev Control Socket.
[    8.659036] systemd[1]: Listening on Syslog Socket.
[[0;32m  OK  [0m] Listening on Syslog Socket.
[    8.669189] systemd[1]: Reached target User and Group Name Lookups.
[[0;32m  OK  [0m] Reached target User and Group Name Lookups.
[    8.676221] systemd[1]: Created slice System Slice.
[[0;32m  OK  [0m] Created slice System Slice.
[    8.689113] systemd[1]: Listening on /dev/initctl Compatibility Named Pipe.
[[0;32m  OK  [0m] Listening on /dev/initctl Compatibility Named Pipe.
[    8.696273] systemd[1]: Listening on LVM2 metadata daemon socket.
[[0;32m  OK  [0m] Listening on LVM2 metadata daemon socket.
[    8.702967] systemd[1]: Created slice User and Session Slice.
[[0;32m  OK  [0m] Created slice User and Session Slice.
[    8.709141] systemd[1]: Listening on Device-mapper event daemon FIFOs.
[[0;32m  OK  [0m] Listening on Device-mapper event daemon FIFOs.
[    8.721330] systemd[1]: Listening on udev Kernel Socket.
[[0;32m  OK  [0m] Listening on udev Kernel Socket.
[    8.728819] systemd[1]: Created slice system-serial\x2dgetty.slice.
[[0;32m  OK  [0m] Created slice system-serial\x2dgetty.slice.
[    8.738547] systemd[1]: Listening on LVM2 poll daemon socket.
[[0;32m  OK  [0m] Listening on LVM2 poll daemon socket.
[    8.747524] systemd[1]: Reached target Swap.
[[0;32m  OK  [0m] Reached target Swap.
[    8.755813] systemd[1]: Reached target Slices.
[[0;32m  OK  [0m] Reached target Slices.
[    8.762427] systemd[1]: Listening on Journal Audit Socket.
[[0;32m  OK  [0m] Listening on Journal Audit Socket.
[    8.769673] systemd[1]: Listening on Journal Socket.
[[0;32m  OK  [0m] Listening on Journal Socket.
[    8.801477] systemd[1]: Starting Set console keymap...
         Starting Set console keymap...
[    8.820429] systemd[1]: Starting Load Kernel Modules...
         Starting Load Kernel Modules...
[    8.839909] systemd[1]: Starting Nameserver information manager...
         Starting Nameserver information manager...
[    8.851946] systemd[1]: Starting Monitoring of LVM2 mirrors, snapshots etc. using dmeventd or progress polling...
[    8.863254] Loading iSCSI transport class v2.0-870.
         Starting Monitoring of LVM2 mirrors... dmeventd or progress polling...
[    8.888925] systemd[1]: Mounting POSIX Message Queue File System...
[    8.904312] iscsi: registered transport (tcp)
         Mounting POSIX Message Queue File System...
[    8.917949] systemd[1]: Mounting Debug File System...
         Mounting Debug File System...
[    8.933788] systemd[1]: Starting Create list of required static device nodes for the current kernel...
         Starting Create list of required st... nodes for the current kernel...
[    8.948202] systemd[1]: Starting File System Check on Root Device...
         Starting File System Check on Root Device...
[    8.960910] systemd[1]: Starting Uncomplicated firewall...
         Starting Uncomplicated firewall...
[    8.974886] systemd[1]: Mounting Huge Pages File System...
         Mounting Huge Pages File System...
[    8.988219] systemd[1]: Listening on Journal Socket (/dev/log).
[[0;32m  OK  [0m] Listening on Journal Socket (/dev/log).
[    9.012913] systemd[1]: Starting Journal Service...
         Starting Journal Service...
[    9.022315] systemd[1]: Mounted Huge Pages File System.
[[0;32m  OK  [0m] Mounted Huge Pages File System.
[    9.026872] systemd[1]: Mounted POSIX Message Queue File System.
[[0;32m  OK  [0m] Mounted POSIX Message Queue File System.
[    9.032435] systemd[1]: Mounted Debug File System.
[[0;32m  OK  [0m] Mounted Debug File System.
[    9.038725] systemd[1]: Started Set console keymap.
[[0;32m  OK  [0m] Started Set console keymap.
[    9.057906] random: nonblocking pool is initialized
[    9.071722] systemd[1]: Started Create list of required static device nodes for the current kernel.
[    9.088270] iscsi: registered transport (iser)
[[0;32m  OK  [0m] Started Create list of required sta...ce nodes for the current kernel.
[    9.097505] systemd[1]: Started File System Check on Root Device.
[[0;32m  OK  [0m] Started File System Check on Root Device.
[    9.107633] systemd[1]: Started Load Kernel Modules.
[[0;32m  OK  [0m] Started Load Kernel Modules.
[    9.115135] systemd[1]: Started Uncomplicated firewall.
[[0;32m  OK  [0m] Started Uncomplicated firewall.
[    9.141641] systemd[1]: Started Nameserver information manager.
[[0;32m  OK  [0m] Started Nameserver information manager.
[    9.154669] systemd[1]: Started Journal Service.
[[0;32m  OK  [0m] Started Journal Service.
[[0;32m  OK  [0m] Started File System Check Daemon to report status.
[[0;32m  OK  [0m] Started LVM2 metadata daemon.
         Starting Apply Kernel Variables...
         Mounting FUSE Control File System...
         Starting Remount Root and Kernel File Systems...
         Starting Create Static Device Nodes in /dev...
[[0;32m  OK  [0m] Mounted FUSE Control File System.
[[0;32m  OK  [0m] Started Apply Kernel Variables.
[[0;32m  OK  [0m] Started Remount Root and Kernel File Systems.
[[0;32m  OK  [0m] Started Create Static Device Nodes in /dev.
         Starting udev Kernel Device Manager...
         Starting Flush Journal to Persistent Storage...
         Starting udev Coldplug all Devices...
         Starting Load/Save Random Seed...
[[0;32m  OK  [0m] Started Monitoring of LVM2 mirrors,...ng dmeventd or progress polling.
[[0;32m  OK  [0m] Started Load/Save Random Seed.
[[0;32m  OK  [0m] Started udev Kernel Device Manager.
[[0;32m  OK  [0m] Reached target Local File Systems (Pre).
[[0;32m  OK  [0m] Reached target Local File Systems.
         Starting Commit a transient machine-id on disk...
         Starting Tell Plymouth To Write Out Runtime Data...
         Starting Set console font and keymap...
         Starting LSB: AppArmor initialization...
         Starting Initial cloud-init job (pre-networking)...
[[0;32m  OK  [0m] Started Tell Plymouth To Write Out Runtime Data.
[[0;32m  OK  [0m] Started Commit a transient machine-id on disk.
[[0;32m  OK  [0m] Started Flush Journal to Persistent Storage.
         Starting Create Volatile Files and Directories...
[[0;32m  OK  [0m] Started Create Volatile Files and Directories.
         Starting Update UTMP about System Boot/Shutdown...
[[0;32m  OK  [0m] Started Update UTMP about System Boot/Shutdown.
[[0;32m  OK  [0m] Started udev Coldplug all Devices.
[[0;32m  OK  [0m] Started Dispatch Password Requests to Console Directory Watch.
[[0;32m  OK  [0m] Found device /dev/ttyS0.
[[0;32m  OK  [0m] Listening on Load/Save RF Kill Switch Status /dev/rfkill Watch.
[[0;32m  OK  [0m] Started LSB: AppArmor initialization.
[   13.234944] cloud-init[495]: Cloud-init v. 21.1-19-gbad84ad4-0ubuntu1~16.04.2 running 'init-local' at Thu, 27 Jan 2022 13:15:04 +0000. Up 11.82 seconds.
[[0;32m  OK  [0m] Started Initial cloud-init job (pre-networking).
[[0;32m  OK  [0m] Reached target Network (Pre).
         Starting Raise network interfaces...
         Starting Load AppArmor profiles managed internally by snapd...
[[0;32m  OK  [0m] Started Set console font and keymap.
[[0;32m  OK  [0m] Created slice system-getty.slice.
[[0;32m  OK  [0m] Started Load AppArmor profiles managed internally by snapd.
[[0;32m  OK  [0m] Started Raise network interfaces.
[[0;32m  OK  [0m] Reached target Network.
         Starting Initial cloud-init job (metadata service crawler)...
[   16.727498] cloud-init[948]: Cloud-init v. 21.1-19-gbad84ad4-0ubuntu1~16.04.2 running 'init' at Thu, 27 Jan 2022 13:15:08 +0000. Up 15.60 seconds.
[   16.732277] cloud-init[948]: ci-info: ++++++++++++++++++++++++++++++++++++++Net device info++++++++++++++++++++++++++++++++++++++
[   16.736595] cloud-init[948]: ci-info: +--------+------+----------------------------+---------------+--------+-------------------+
[   16.741110] cloud-init[948]: ci-info: | Device |  Up  |          Address           |      Mask     | Scope  |     Hw-Address    |
[   16.745746] cloud-init[948]: ci-info: +--------+------+----------------------------+---------------+--------+-------------------+
[   16.757087] cloud-init[948]: ci-info: | enp0s3 | True |         10.0.2.15          | 255.255.255.0 | global | 02:be:82:6b:cc:1d |
[   16.764899] cloud-init[948]: ci-info: | enp0s3 | True | fe80::be:82ff:fe6b:cc1d/64 |       .       |  link  | 02:be:82:6b:cc:1d |
[   16.772882] cloud-init[948]: ci-info: |   lo   | True |         127.0.0.1          |   255.0.0.0   |  host  |         .         |
[   16.776686] cloud-init[948]: ci-info: |   lo   | True |          ::1/128           |       .       |  host  |         .         |
[   16.784790] cloud-init[948]: ci-info: +--------+------+----------------------------+---------------+--------+-------------------+
[   16.793062] cloud-init[948]: ci-info: +++++++++++++++++++++++++++Route IPv4 info++++++++++++++++++++++++++++
[   16.797309] cloud-init[948]: ci-info: +-------+-------------+----------+---------------+-----------+-------+
[   16.801926] cloud-init[948]: ci-info: | Route | Destination | Gateway  |    Genmask    | Interface | Flags |
[   16.806425] cloud-init[948]: ci-info: +-------+-------------+----------+---------------+-----------+-------+
[   16.810639] cloud-init[948]: ci-info: |   0   |   0.0.0.0   | 10.0.2.2 |    0.0.0.0    |   enp0s3  |   UG  |
[   16.821143] cloud-init[948]: ci-info: |   1   |   10.0.2.0  | 0.0.0.0  | 255.255.255.0 |   enp0s3  |   U   |
[   16.829089] cloud-init[948]: ci-info: +-------+-------------+----------+---------------+-----------+-------+
[   16.837037] cloud-init[948]: ci-info: +++++++++++++++++++Route IPv6 info+++++++++++++++++++
[   16.839865] cloud-init[948]: ci-info: +-------+-------------+---------+-----------+-------+
[   16.843070] cloud-init[948]: ci-info: | Route | Destination | Gateway | Interface | Flags |
[   16.852752] cloud-init[948]: ci-info: +-------+-------------+---------+-----------+-------+
[   16.855768] cloud-init[948]: ci-info: |   0   |  fe80::/64  |    ::   |   enp0s3  |   U   |
[   16.858679] cloud-init[948]: ci-info: |   3   |   ff00::/8  |    ::   |   enp0s3  |   U   |
[   16.861736] cloud-init[948]: ci-info: +-------+-------------+---------+-----------+-------+
[[0;32m  OK  [0m] Started Initial cloud-init job (metadata service crawler).
[[0;32m  OK  [0m] Reached target Cloud-config availability.
[[0;32m  OK  [0m] Reached target System Initialization.
[[0;32m  OK  [0m] Listening on D-Bus System Message Bus Socket.
[[0;32m  OK  [0m] Started Daily apt download activities.
[[0;32m  OK  [0m] Listening on ACPID Listen Socket.
[   16.879080] cloud-init[948]: Generating public/private rsa key pair.
[   16.910081] cloud-init[948]: Your identification has been saved in /etc/ssh/ssh_host_rsa_key.
[   16.916940] cloud-init[948]: Your public key has been saved in /etc/ssh/ssh_host_rsa_key.pub.
         Starting LXD - unix socket.
[[0;32m  OK  [0m] Listening on UUID daemon activation socket.
[[0;32m  OK  [0m] Started Ubuntu Advantage update messaging.
[   16.929860] cloud-init[948]: The key fingerprint is:
[   16.948602] cloud-init[948]: SHA256:tnxgSdfM9U/hfC5p9Fvsllbpaw4kkxSx28k2DHytZmE root@ubuntu-xenial
[[0;32m  OK  [0m] Started Message of the Day.
[   16.954660] cloud-init[948]: The key's randomart image is:
[   16.958243] cloud-init[948]: +---[RSA 2048]----+
[   16.963354] cloud-init[948]: |           o. .. |
[   16.968340] cloud-init[948]: |          .+o.+..|
[   16.970685] cloud-init[948]: |        . .=+E.++|
[[0;32m  OK  [0m] Started ACPI Events Check.
[[0;32m  OK  [0m] Reached target Paths.
         Starting Socket activation for snappy daemon.
[[0;32m  OK  [0m] Started Daily Cleanup of Temporary Directories.
[   16.977029] cloud-init[948]: |       . o. X.+*+|
[[0;32m  OK  [0m] Started Daily apt upgrade and clean activities.
[[0;32m  OK  [0m] Reached target Timers.
[[0;32m  OK  [0m] Reached target Network is Online.
[   16.987085] cloud-init[948]: |        S  = %+.B|
[   16.996928] cloud-init[948]: |       + o  B.oo=|
[   16.999598] cloud-init[948]: |        o .  . =o|
[   17.009613]          cloud-initStarting iSCSI initiator daemon (iscsid)...[948]: 
|         .    oo.|
[   17.013132] cloud-init[948]: |              oo |
[[0;32m  OK  [0m] Listening on LXD - unix socket.
[   17.030513] cloud-init[948]: +----[SHA256]-----+
[   17.034496] cloud-init[948]: Generating public/private dsa key pair.
[   17.035253] cloud-init[948]: Your identification has been saved in /etc/ssh/ssh_host_dsa_key.
[   17.035515] cloud-init[948]: Your public key has been saved in /etc/ssh/ssh_host_dsa_key.pub.
[   17.035851] cloud-init[948]: The key fingerprint is:
[   17.036634] cloud-init[948]: SHA256:QfB40iQZbRrbLfCpg2vG3irls0cBnvSIn98Kj+Eqho0 root@ubuntu-xenial
[[0;32m  OK  [0m] Listening on Socket activation for snappy daemon.
[   17.036996] cloud-init[948]: The key's randomart image is:
[   17.037672] cloud-init[948]: +---[DSA 1024]----+
[   17.059186] cloud-init[948]: |      +=o        |
[   17.061095] cloud-init[948]: |    o +Bo        |
[   17.062689] cloud-init[948]: |   + =oO=o       |
[   17.064681] cloud-init[948]: |  . + =o=..      |
[   17.067237] cloud-init[948]: |   . o oS.       |
[[   17.069752] cloud-init[948]: |    = +          |
[   17.070549] cloud-init[948]: |.o +o+ o         |
[   17.071657] cloud-init[948]: |E.o.B*o .        |
[   17.073510] cloud-init[948]: |...**=+.         |
[   17.074563] cloud-init[948]: +----[SHA256]-----+
[   17.075689] cloud-init[948]: Generating public/private ecdsa key pair.
[   17.077528] cloud-init[948]: Your identification has been saved in /etc/ssh/ssh_host_ecdsa_key.
[   17.078948] cloud-init[948]: Your public key has been saved in /etc/ssh/ssh_host_ecdsa_key.pub.
[   17.080177] cloud-init[948]: The key fingerprint is:
[0;32m  OK  [0m] Reached target Sockets.
[   17.080552] cloud-init[948]: SHA256:ia0vGNxDV2skJtAMS1HwE+ESu687uX9DhhiPaikoHZ8 root@ubuntu-xenial
[   17.087563] [[0;32m  OK  [0m] Reached target Basic System.
cloud-init[948]: [[0;32m  OK  [0m] Started Regular background program processing daemon.
[[0;32m  OK  [0m] Started Deferred execution scheduler.
The key's randomart image is:         Starting Accounts Service...
         Starting Pollinate to seed the pseudo random number generator...
[[0;32m  OK  [0m] Started FUSE filesystem for LXC.
         Starting Login Service...
         Starting LSB: MD monitoring daemon...

         Starting /etc/rc.local Compatibility...
         Starting System Logging Service...
[   17.147449] [[0;32m  OK  [0m] Started D-Bus System Message Bus.
cloud-init[948]: +---[ECDSA 256]---+
[   17.192911] cloud-init[948]: |    BO+.         |
[   17.196731] cloud-init[948]: |   . *+.o o      |
[   17.202022] cloud-init[948]: |    + +o + .     |
[   17.206366] cloud-init[948]: |    .o.+..o      |
[   17.209166] cloud-init[948]: |   ..B.oS.       |
[   17.218781] cloud-init[948]: |  . =.=.o        |
[   17.221965] cloud-init[948]: |.. = =o+         |
[   17.239853] cloud-init[948]: |+ = E...o        |
[   17.243937] cloud-init[948]: |.o  +=.o..       |
[   17.248886] cloud-init[948]: +----[SHA256]-----+
[   17.251826] cloud-init[948]: Generating public/private ed25519 key pair.
         Starting LSB: Record successful boot for GRUB...
         Starting Snap Daemon...[   17.257186] cloud-init[948]: Your identification has been saved in /etc/ssh/ssh_host_ed25519_key.
[   17.264829] cloud-init[948]: Your public key has been saved in /etc/ssh/ssh_host_ed25519_key.pub.
[   17.265127] cloud-init[948]: The key fingerprint is:
[   17.265415] cloud-init[948]: SHA256:C11tLP/1yMZunRLtvj2zGMo1TqkR0L+D+0bjXVVUZCU root@ubuntu-xenial
[   17.265695] cloud-init[948]: The key's randomart image is:
[   17.266817] cloud-init[948]: +--[ED25519 256]--+

[   17.268025]          Starting LXD - container startup/shutdown...
cloud-init[948]: |              EoO|
[   17.298266] [[0;32m  OK  [0m] Started ACPI event daemon.
cloud-init[948]: |          .o   o.|
         Starting Virtualbox guest utils...
[   17.305464] cloud-init[948]: |         .o.+   .|
[[0;32m  OK  [0m] Started System Logging Service.
[   17.325262] [cloud-init[0;32m  OK  [0m] [948]: Started iSCSI initiator daemon (iscsid).|       . ..+.   .|

[[0;32m  OK  [0m] Started /etc/rc.local Compatibility.
[   17.336484] cloud-init[948]: |      . S  .... o|
[   17.340279] cloud-init[948]: |       . .  oBo+o|
[   17.349005] cloud-init[948]: |        .  ooO@.+|
[   17.356698] cloud-init[948]: |          . O***o|
[[0;32m  OK  [0m] Started Login Service.
[   17.379237] cloud-init[948]: |           =o=++*|
[[0;32m  OK  [0m] Started Unattended Upgrades Shutdown.[   17.386242] cloud-init[948]: +----[SHA256]-----+

         Starting Authenticate and Authorize Users to Run Privileged Tasks...
         Starting Login to default iSCSI targets...
[[0;32m  OK  [0m] Started LSB: MD monitoring daemon.
[[0;32m  OK  [0m] Started LSB: Record successful boot for GRUB.
[[0;32m  OK  [0m] Started Login to default iSCSI targets.
[[0;32m  OK  [0m] Reached target Remote File Systems (Pre).
[[0;32m  OK  [0m] Reached target Remote File Systems.
         Starting LSB: automatic crash report generation...
         Starting LSB: daemon to balance interrupts for SMP systems...
         Starting LSB: Set the CPU Frequency Scaling governor to "ondemand"...
         Starting Permit User Sessions...
[[0;32m  OK  [0m] Started Permit User Sessions.
[[0;32m  OK  [0m] Started Authenticate and Authorize Users to Run Privileged Tasks.
         Starting Hold until boot process finishes up...
         Starting Terminate Plymouth Boot Screen...
[[0;32m  OK  [0m] Started Hold until boot process finishes up.
[[0;32m  OK  [0m] Started Terminate Plymouth Boot Screen.
[[0;32m  OK  [0m] Started Accounts Service.
         Starting Set console scheme...
[[0;32m  OK  [0m] Started Getty on tty1.
[[0;32m  OK  [0m] Started Serial Getty on ttyS0.
[[0;32m  OK  [0m] Reached target Login Prompts.
[[0;32m  OK  [0m] Started LXD - container startup/shutdown.
[[0;32m  OK  [0m] Started Set console scheme.
[[0;32m  OK  [0m] Started LSB: automatic crash report generation.
[[0;32m  OK  [0m] Started LSB: daemon to balance interrupts for SMP systems.
[[0;32m  OK  [0m] Started LSB: Set the CPU Frequency Scaling governor to "ondemand".
[[0;32m  OK  [0m] Started Virtualbox guest utils.
[[0;32m  OK  [0m] Started Snap Daemon.
         Starting Wait until snapd is fully seeded...
[[0;32m  OK  [0m] Started Wait until snapd is fully seeded.
         Starting Apply the settings specified in cloud-config...
[[0;32m  OK  [0m] Started Pollinate to seed the pseudo random number generator.
         Starting OpenBSD Secure Shell server...
[[0;32m  OK  [0m] Started OpenBSD Secure Shell server.
[[0;32m  OK  [0m] Reached target Multi-User System.
[[0;32m  OK  [0m] Reached target Graphical Interface.
         Starting Update UTMP about System Runlevel Changes...
[[0;32m  OK  [0m] Started Update UTMP about System Runlevel Changes.
[[0;32m  OK  [0m] Created slice User Slice of vagrant.
         Starting User Manager for UID 1000...
[[0;32m  OK  [0m] Started Session 1 of user vagrant.
[[0;32m  OK  [0m] Started User Manager for UID 1000.
[   20.646827] cloud-init[1279]: Generating locales (this might take a while)...
[   23.508273] cloud-init[1279]:   en_US.UTF-8... done
[   23.511461] cloud-init[1279]: Generation complete.

Ubuntu 16.04.7 LTS ubuntu-xenial ttyS0

ubuntu-xenial login: [   24.649749] cloud-init[1279]: Cloud-init v. 21.1-19-gbad84ad4-0ubuntu1~16.04.2 running 'modules:config' at Thu, 27 Jan 2022 13:15:12 +0000. Up 20.25 seconds.
ci-info: no authorized SSH keys fingerprints found for user ubuntu.
<14>Jan 27 13:15:18 ec2: 
<14>Jan 27 13:15:18 ec2: #############################################################
<14>Jan 27 13:15:18 ec2: -----BEGIN SSH HOST KEY FINGERPRINTS-----
<14>Jan 27 13:15:18 ec2: 1024 SHA256:QfB40iQZbRrbLfCpg2vG3irls0cBnvSIn98Kj+Eqho0 root@ubuntu-xenial (DSA)
<14>Jan 27 13:15:18 ec2: 256 SHA256:ia0vGNxDV2skJtAMS1HwE+ESu687uX9DhhiPaikoHZ8 root@ubuntu-xenial (ECDSA)
<14>Jan 27 13:15:18 ec2: 256 SHA256:C11tLP/1yMZunRLtvj2zGMo1TqkR0L+D+0bjXVVUZCU root@ubuntu-xenial (ED25519)
<14>Jan 27 13:15:18 ec2: 2048 SHA256:tnxgSdfM9U/hfC5p9Fvsllbpaw4kkxSx28k2DHytZmE root@ubuntu-xenial (RSA)
<14>Jan 27 13:15:18 ec2: -----END SSH HOST KEY FINGERPRINTS-----
<14>Jan 27 13:15:18 ec2: #############################################################
-----BEGIN SSH HOST KEY KEYS-----
ecdsa-sha2-nistp256 AAAAE2VjZHNhLXNoYTItbmlzdHAyNTYAAAAIbmlzdHAyNTYAAABBBHZ+7hRGVErySJ1lCnL6kvSPRMcFRv43XeY3fUUHgjeyHTRsdZwaeRDCVI9BOeWGPEIIsipjqV0WtIK9NURYjCc= root@ubuntu-xenial
ssh-ed25519 AAAAC3NzaC1lZDI1NTE5AAAAIC3YMLPYZaOSumk0kfdE2FIU+xb0UydS0dadKNaXVdyZ root@ubuntu-xenial
ssh-rsa AAAAB3NzaC1yc2EAAAADAQABAAABAQCoeYzPfQbUqhAJVosyGBbZoW+psqYyU4ov5mbVEu/61tgr76gdDewc3Rk1Y8LrRTf1l1c/vHXIhy/9sCOa6bE46xAldaTggBmwrGREXfu5v6gyCmDsMp4DYOhRVTFJ2JejdITIdjTgL2ZIdKE10VEvBuHZQY5k4Z/cYwXJn3b8/KX6U/Oerm+adVsgo9FniUWQAwt8ouOhlLxZkobzJVxOz77r1h9FVizKgNocsw/i+g5oXdM32GkZhOAZFVViOKDmw1t7sI7usUqh0d6IVaEe2BYKb821W04rFS+2uJT4OrD+9HfA0tQh73MOVd0IcHw/d2U2Yo0vhxSLvjtnSfON root@ubuntu-xenial
-----END SSH HOST KEY KEYS-----
[   26.041296] cloud-init[1492]: Cloud-init v. 21.1-19-gbad84ad4-0ubuntu1~16.04.2 running 'modules:final' at Thu, 27 Jan 2022 13:15:18 +0000. Up 25.68 seconds.
[   26.043247] cloud-init[1492]: ci-info: no authorized SSH keys fingerprints found for user ubuntu.
[   26.045702] cloud-init[1492]: Cloud-init v. 21.1-19-gbad84ad4-0ubuntu1~16.04.2 finished at Thu, 27 Jan 2022 13:15:18 +0000. Datasource DataSourceNoCloud [seed=/dev/sdb][dsmode=net].  Up 26.01 seconds
